0 info it worked if it ends with ok
1 verbose cli [ '/Users/shirou/.nodebrew/node/v6.9.2/bin/node',
1 verbose cli   '/Users/shirou/.nodebrew/current/bin/npm',
1 verbose cli   'run',
1 verbose cli   'build' ]
2 info using npm@3.10.9
3 info using node@v6.9.2
4 verbose stack Error: missing script: build
4 verbose stack     at run (/Users/shirou/.nodebrew/node/v6.9.2/lib/node_modules/npm/lib/run-script.js:151:19)
4 verbose stack     at /Users/shirou/.nodebrew/node/v6.9.2/lib/node_modules/npm/lib/run-script.js:61:5
4 verbose stack     at /Users/shirou/.nodebrew/node/v6.9.2/lib/node_modules/npm/node_modules/read-package-json/read-json.js:356:5
4 verbose stack     at checkBinReferences_ (/Users/shirou/.nodebrew/node/v6.9.2/lib/node_modules/npm/node_modules/read-package-json/read-json.js:320:45)
4 verbose stack     at final (/Users/shirou/.nodebrew/node/v6.9.2/lib/node_modules/npm/node_modules/read-package-json/read-json.js:354:3)
4 verbose stack     at then (/Users/shirou/.nodebrew/node/v6.9.2/lib/node_modules/npm/node_modules/read-package-json/read-json.js:124:5)
4 verbose stack     at ReadFileContext.<anonymous> (/Users/shirou/.nodebrew/node/v6.9.2/lib/node_modules/npm/node_modules/read-package-json/read-json.js:295:20)
4 verbose stack     at ReadFileContext.callback (/Users/shirou/.nodebrew/node/v6.9.2/lib/node_modules/npm/node_modules/graceful-fs/graceful-fs.js:78:16)
4 verbose stack     at FSReqWrap.readFileAfterOpen [as oncomplete] (fs.js:365:13)
5 verbose cwd /Users/shirou/Works/golang/src/github.com/shirou/goagen_js/example
6 error Darwin 14.5.0
7 error argv "/Users/shirou/.nodebrew/node/v6.9.2/bin/node" "/Users/shirou/.nodebrew/current/bin/npm" "run" "build"
8 error node v6.9.2
9 error npm  v3.10.9
10 error missing script: build
11 error If you need help, you may report this error at:
11 error     <https://github.com/npm/npm/issues>
12 verbose exit [ 1, true ]
